<?xml version="1.0" encoding="UTF-8"?>
<testsuite xmlns:xsi="http://www.w3.org/2001/XMLSchema-instance" xsi:noNamespaceSchemaLocation="https://maven.apache.org/surefire/maven-surefire-plugin/xsd/surefire-test-report-3.0.xsd" version="3.0" name="http.HttpParserTest" time="0.127" tests="6" errors="0" skipped="0" failures="0">
  <properties>
    <property name="java.specification.version" value="17"/>
    <property name="sun.cpu.isalist" value="amd64"/>
    <property name="sun.jnu.encoding" value="Cp1252"/>
    <property name="java.class.path" value="C:\Users\LAPTOP SPIRIT\Documents\Learning\Java\Httpserver\target\test-classes;C:\Users\LAPTOP SPIRIT\Documents\Learning\Java\Httpserver\target\classes;C:\Users\LAPTOP SPIRIT\.m2\repository\com\fasterxml\jackson\core\jackson-core\2.9.9\jackson-core-2.9.9.jar;C:\Users\LAPTOP SPIRIT\.m2\repository\com\fasterxml\jackson\core\jackson-databind\2.9.9\jackson-databind-2.9.9.jar;C:\Users\LAPTOP SPIRIT\.m2\repository\com\fasterxml\jackson\core\jackson-annotations\2.9.0\jackson-annotations-2.9.0.jar;C:\Users\LAPTOP SPIRIT\.m2\repository\org\slf4j\slf4j-api\1.7.29\slf4j-api-1.7.29.jar;C:\Users\LAPTOP SPIRIT\.m2\repository\ch\qos\logback\logback-classic\1.2.3\logback-classic-1.2.3.jar;C:\Users\LAPTOP SPIRIT\.m2\repository\ch\qos\logback\logback-core\1.2.3\logback-core-1.2.3.jar;C:\Users\LAPTOP SPIRIT\.m2\repository\org\junit\jupiter\junit-jupiter\5.12.0-M1\junit-jupiter-5.12.0-M1.jar;C:\Users\LAPTOP SPIRIT\.m2\repository\org\junit\jupiter\junit-jupiter-api\5.12.0-M1\junit-jupiter-api-5.12.0-M1.jar;C:\Users\LAPTOP SPIRIT\.m2\repository\org\opentest4j\opentest4j\1.3.0\opentest4j-1.3.0.jar;C:\Users\LAPTOP SPIRIT\.m2\repository\org\junit\platform\junit-platform-commons\1.12.0-M1\junit-platform-commons-1.12.0-M1.jar;C:\Users\LAPTOP SPIRIT\.m2\repository\org\apiguardian\apiguardian-api\1.1.2\apiguardian-api-1.1.2.jar;C:\Users\LAPTOP SPIRIT\.m2\repository\org\junit\jupiter\junit-jupiter-params\5.12.0-M1\junit-jupiter-params-5.12.0-M1.jar;C:\Users\LAPTOP SPIRIT\.m2\repository\org\junit\jupiter\junit-jupiter-engine\5.12.0-M1\junit-jupiter-engine-5.12.0-M1.jar;C:\Users\LAPTOP SPIRIT\.m2\repository\org\junit\platform\junit-platform-engine\1.12.0-M1\junit-platform-engine-1.12.0-M1.jar;"/>
    <property name="java.vm.vendor" value="Oracle Corporation"/>
    <property name="sun.arch.data.model" value="64"/>
    <property name="user.variant" value=""/>
    <property name="java.vendor.url" value="https://java.oracle.com/"/>
    <property name="user.timezone" value="GMT+01:00"/>
    <property name="os.name" value="Windows 10"/>
    <property name="java.vm.specification.version" value="17"/>
    <property name="user.country" value="US"/>
    <property name="sun.java.launcher" value="SUN_STANDARD"/>
    <property name="sun.boot.library.path" value="C:\dev\Java\bin"/>
    <property name="sun.java.command" value="C:\Users\LAPTOP SPIRIT\AppData\Local\Temp\surefire4998944220876155950\surefirebooter-20250202234637261_3.jar C:\Users\LAPTOP SPIRIT\AppData\Local\Temp\surefire4998944220876155950 2025-02-02T23-46-37_072-jvmRun1 surefire-20250202234637261_1tmp surefire_0-20250202234637261_2tmp"/>
    <property name="jdk.debug" value="release"/>
    <property name="test" value="http.HttpParserTest"/>
    <property name="surefire.test.class.path" value="C:\Users\LAPTOP SPIRIT\Documents\Learning\Java\Httpserver\target\test-classes;C:\Users\LAPTOP SPIRIT\Documents\Learning\Java\Httpserver\target\classes;C:\Users\LAPTOP SPIRIT\.m2\repository\com\fasterxml\jackson\core\jackson-core\2.9.9\jackson-core-2.9.9.jar;C:\Users\LAPTOP SPIRIT\.m2\repository\com\fasterxml\jackson\core\jackson-databind\2.9.9\jackson-databind-2.9.9.jar;C:\Users\LAPTOP SPIRIT\.m2\repository\com\fasterxml\jackson\core\jackson-annotations\2.9.0\jackson-annotations-2.9.0.jar;C:\Users\LAPTOP SPIRIT\.m2\repository\org\slf4j\slf4j-api\1.7.29\slf4j-api-1.7.29.jar;C:\Users\LAPTOP SPIRIT\.m2\repository\ch\qos\logback\logback-classic\1.2.3\logback-classic-1.2.3.jar;C:\Users\LAPTOP SPIRIT\.m2\repository\ch\qos\logback\logback-core\1.2.3\logback-core-1.2.3.jar;C:\Users\LAPTOP SPIRIT\.m2\repository\org\junit\jupiter\junit-jupiter\5.12.0-M1\junit-jupiter-5.12.0-M1.jar;C:\Users\LAPTOP SPIRIT\.m2\repository\org\junit\jupiter\junit-jupiter-api\5.12.0-M1\junit-jupiter-api-5.12.0-M1.jar;C:\Users\LAPTOP SPIRIT\.m2\repository\org\opentest4j\opentest4j\1.3.0\opentest4j-1.3.0.jar;C:\Users\LAPTOP SPIRIT\.m2\repository\org\junit\platform\junit-platform-commons\1.12.0-M1\junit-platform-commons-1.12.0-M1.jar;C:\Users\LAPTOP SPIRIT\.m2\repository\org\apiguardian\apiguardian-api\1.1.2\apiguardian-api-1.1.2.jar;C:\Users\LAPTOP SPIRIT\.m2\repository\org\junit\jupiter\junit-jupiter-params\5.12.0-M1\junit-jupiter-params-5.12.0-M1.jar;C:\Users\LAPTOP SPIRIT\.m2\repository\org\junit\jupiter\junit-jupiter-engine\5.12.0-M1\junit-jupiter-engine-5.12.0-M1.jar;C:\Users\LAPTOP SPIRIT\.m2\repository\org\junit\platform\junit-platform-engine\1.12.0-M1\junit-platform-engine-1.12.0-M1.jar;"/>
    <property name="sun.cpu.endian" value="little"/>
    <property name="user.home" value="C:\Users\LAPTOP SPIRIT"/>
    <property name="user.language" value="en"/>
    <property name="java.specification.vendor" value="Oracle Corporation"/>
    <property name="java.version.date" value="2024-04-16"/>
    <property name="java.home" value="C:\dev\Java"/>
    <property name="file.separator" value="\"/>
    <property name="basedir" value="C:\Users\LAPTOP SPIRIT\Documents\Learning\Java\Httpserver"/>
    <property name="java.vm.compressedOopsMode" value="32-bit"/>
    <property name="line.separator" value="&#10;"/>
    <property name="java.vm.specification.vendor" value="Oracle Corporation"/>
    <property name="java.specification.name" value="Java Platform API Specification"/>
    <property name="surefire.real.class.path" value="C:\Users\LAPTOP SPIRIT\AppData\Local\Temp\surefire4998944220876155950\surefirebooter-20250202234637261_3.jar"/>
    <property name="user.script" value=""/>
    <property name="sun.management.compiler" value="HotSpot 64-Bit Tiered Compilers"/>
    <property name="java.runtime.version" value="17.0.11+7-LTS-207"/>
    <property name="user.name" value="LAPTOP SPIRIT"/>
    <property name="path.separator" value=";"/>
    <property name="os.version" value="10.0"/>
    <property name="java.runtime.name" value="Java(TM) SE Runtime Environment"/>
    <property name="file.encoding" value="Cp1252"/>
    <property name="java.vm.name" value="Java HotSpot(TM) 64-Bit Server VM"/>
    <property name="maven.ext.class.path" value="C:\dev\Ntbeans\NetBeans-23\netbeans\java\maven-nblib\netbeans-eventspy.jar"/>
    <property name="localRepository" value="C:\Users\LAPTOP SPIRIT\.m2\repository"/>
    <property name="java.vendor.url.bug" value="https://bugreport.java.com/bugreport/"/>
    <property name="java.io.tmpdir" value="C:\Users\LAPTOP~1\AppData\Local\Temp\"/>
    <property name="java.version" value="17.0.11"/>
    <property name="user.dir" value="C:\Users\LAPTOP SPIRIT\Documents\Learning\Java\Httpserver"/>
    <property name="os.arch" value="amd64"/>
    <property name="java.vm.specification.name" value="Java Virtual Machine Specification"/>
    <property name="sun.os.patch.level" value=""/>
    <property name="native.encoding" value="Cp1252"/>
    <property name="java.library.path" value="C:\dev\Java\bin;C:\Windows\Sun\Java\bin;C:\Windows\system32;C:\Windows;C:\Program Files\Common Files\Oracle\Java\javapath;C:\dev\python\Scripts\;C:\dev\python\;C:\Windows\system32;C:\Windows;C:\Windows\System32\Wbem;C:\Windows\System32\WindowsPowerShell\v1.0\;C:\Windows\System32\OpenSSH\;C:\dev\NodeJS\;C:\ProgramData\chocolatey\bin;C:\dev\C++\bin;C:\dev\PHP;C:\Program Files\Git\cmd;C:\dev\Flutter\bin;;C:\Program Files\Docker\Docker\resources\bin;C:\Users\LAPTOP SPIRIT\AppData\Local\Microsoft\WindowsApps;C:\Users\LAPTOP SPIRIT\AppData\Local\Programs\Microsoft VS Code\bin;C:\Users\LAPTOP SPIRIT\AppData\Roaming\npm;C:\Users\LAPTOP SPIRIT\AppData\Local\JetBrains\Toolbox\scripts;C:\dev\IntelliJ IDEA Community Edition 2023.2.5\bin;;C:\Users\LAPTOP SPIRIT\AppData\Local\GitHubDesktop\bin;C:\dev\Flutter\bin;C:\dev\Java\bin;;."/>
    <property name="java.vm.info" value="mixed mode, sharing"/>
    <property name="java.vendor" value="Oracle Corporation"/>
    <property name="java.vm.version" value="17.0.11+7-LTS-207"/>
    <property name="sun.io.unicode.encoding" value="UnicodeLittle"/>
    <property name="java.class.version" value="61.0"/>
  </properties>
  <testcase name="parserHttpRequest" classname="http.HttpParserTest" time="0.02">
    <system-out><![CDATA[23:46:38.002 [main] DEBUG http.HttpParser - Request Line Method to Process :GET
23:46:38.005 [main] DEBUG http.HttpParser - Request Line Target to Process :/
23:46:38.005 [main] DEBUG http.HttpParser - Request Line Version to Process :HTTP/1.1
]]></system-out>
  </testcase>
  <testcase name="parserBadHttpRequestIncorrectCRLFnoLF" classname="http.HttpParserTest" time="0.0">
    <system-out><![CDATA[23:46:38.014 [main] DEBUG http.HttpParser - Request Line Method to Process :GET
23:46:38.014 [main] DEBUG http.HttpParser - Request Line Target to Process :/
]]></system-out>
  </testcase>
  <testcase name="parserBadHttpRequestInvalidNumberOfItems" classname="http.HttpParserTest" time="0.0">
    <system-out><![CDATA[23:46:38.014 [main] DEBUG http.HttpParser - Request Line Method to Process :GET
23:46:38.014 [main] DEBUG http.HttpParser - Request Line Target to Process :/
]]></system-out>
  </testcase>
  <testcase name="parserBadHttpRequestEmptyRequestLine" classname="http.HttpParserTest" time="0.0">
    <system-out><![CDATA[23:46:38.014 [main] DEBUG http.HttpParser - Request Line Version to Process :
]]></system-out>
  </testcase>
  <testcase name="parserBadHttpRequest1" classname="http.HttpParserTest" time="0.0">
    <system-out><![CDATA[23:46:38.014 [main] DEBUG http.HttpParser - Request Line Method to Process :GeT
]]></system-out>
  </testcase>
  <testcase name="parserBadHttpRequest2" classname="http.HttpParserTest" time="0.0"/>
</testsuite>